<?xml version="1.0" encoding="UTF-8"?>
<testsuite xmlns:xsi="http://www.w3.org/2001/XMLSchema-instance" xsi:noNamespaceSchemaLocation="https://maven.apache.org/surefire/maven-surefire-plugin/xsd/surefire-test-report-3.0.xsd" version="3.0" name="nz.ac.vuw.swen301.assignment3.client.Resthome4LogsAppenderTests" time="1.62" tests="7" errors="0" skipped="0" failures="0">
  <properties>
[...]
</properties>
  <testcase name="testAInvalidPost" classname="nz.ac.vuw.swen301.assignment3.client.Resthome4LogsAppenderTests" time="0.791"/>
  <testcase name="testBValid_Post" classname="nz.ac.vuw.swen301.assignment3.client.Resthome4LogsAppenderTests" time="0.482"/>
  <testcase name="testCValid_Post_More" classname="nz.ac.vuw.swen301.assignment3.client.Resthome4LogsAppenderTests" time="0.051"/>
  <testcase name="testDMax_Level" classname="nz.ac.vuw.swen301.assignment3.client.Resthome4LogsAppenderTests" time="0.102"/>
  <testcase name="testEDifferentLogger" classname="nz.ac.vuw.swen301.assignment3.client.Resthome4LogsAppenderTests" time="0.042"/>
  <testcase name="testF_layout" classname="nz.ac.vuw.swen301.assignment3.client.Resthome4LogsAppenderTests" time="0.001"/>
  <testcase name="testG_close" classname="nz.ac.vuw.swen301.assignment3.client.Resthome4LogsAppenderTests" time="0.068"/>
</testsuite>